30.3641 	EXP 	Created window1 = Window(allowGUI=True, allowStencil=False, autoLog=True, backendConf=UNKNOWN, bitsMode=UNKNOWN, blendMode='avg', bpc=(8, 8, 8), color=array([0, 0, 0]), colorSpace='rgb', depthBits=8, fullscr=<method-wrapper '__getattribute__' of attributeSetter object at 0x000001743A8C7C70>, gamma=None, gammaErrorPolicy='raise', lms=UNKNOWN, monitor=<psychopy.monitors.calibTools.Monitor object at 0x000001743C827C10>, multiSample=False, name='window1', numSamples=2, pos=(0, 0), screen=0, size=array([1920, 1080]), stencilBits=0, stereo=False, units='height', useFBO=True, useRetina=False, viewOri=0.0, viewPos=None, viewScale=None, waitBlanking=True, winType='pyglet')
30.3642 	EXP 	window1: mouseVisible = True
30.3642 	EXP 	window1: mouseVisible = False
30.3642 	EXP 	window1: Attempting to measure frame rate of screen (0) ...
30.3642 	EXP 	window1: recordFrameIntervals = False
30.5302 	EXP 	window1: recordFrameIntervals = True
30.7138 	EXP 	Screen (0) actual frame rate measured at 59.99Hz
30.7139 	EXP 	window1: recordFrameIntervals = False
31.8057 	EXP 	Created text = TextStim(__class__=<class 'psychopy.visual.text.TextStim'>, alignHoriz=method-wrapper(...), alignText='center', alignVert=method-wrapper(...), anchorHoriz='center', anchorVert='center', antialias=True, autoDraw=False, autoLog=True, bold=False, color=array([1, 1, 1]), colorSpace='rgb', contrast=1.0, depth=0.0, flipHoriz=False, flipVert=False, font='Arial', fontFiles=[], height=0.05, italic=False, languageStyle='LTR', name='text', opacity=1.0, ori=0, pos=array([0., 0.]), rgb=UNKNOWN, text=str(...), units='height', win=Window(...), wrapWidth=1)
31.8984 	EXP 	Created text2 = TextStim(__class__=<class 'psychopy.visual.text.TextStim'>, alignHoriz=method-wrapper(...), alignText='center', alignVert=method-wrapper(...), anchorHoriz='center', anchorVert='center', antialias=True, autoDraw=False, autoLog=True, bold=False, color=array([1, 1, 1]), colorSpace='rgb', contrast=1.0, depth=0.0, flipHoriz=False, flipVert=False, font='Arial', fontFiles=[], height=0.05, italic=False, languageStyle='LTR', name='text2', opacity=1.0, ori=0, pos=array([0., 0.]), rgb=UNKNOWN, text='실험에 참여해주셔서 감사합니다.', units='height', win=Window(...), wrapWidth=1)
31.9108 	EXP 	text: autoDraw = True
53.3689 	EXP 	text: autoDraw = False
53.3723 	DATA 	Keypress: space
64.5361 	DATA 	Keypress: a
66.8350 	DATA 	Keypress: s
68.4198 	DATA 	Keypress: t
70.9507 	DATA 	Keypress: lshift
71.2181 	DATA 	Keypress: t
72.9506 	DATA 	Keypress: t
103.8248 	DATA 	Keypress: n
104.2443 	EXP 	window1: mouseVisible = True
